AD/app/build/intermediates/manifest_merge_blame_file/debug/manifest-merger-blame-debug-report.txt
1<?xml version="1.0" encoding="utf-8"?>
2<manifest xmlns:android="http://schemas.android.com/apk/res/android"
3    package="com.example.ad"
4    android:versionCode="1"
5    android:versionName="1.0" >
6
7    <uses-sdk
8        android:minSdkVersion="21"
8-->src\main\AndroidManifest.xml
9        android:targetSdkVersion="32" />
9-->src\main\AndroidManifest.xml
10
11    <uses-permission android:name="android.permission.INTERNET" />
11-->src\main\AndroidManifest.xml:5:5-67
11-->src\main\AndroidManifest.xml:5:22-64
12    <uses-permission android:name="android.permission.ACCESS_NETWORK_STATE" />
12-->[com.google.firebase:firebase-auth:21.0.1] AndroidManifest.xml:24:5-79
12-->[com.google.firebase:firebase-auth:21.0.1] AndroidManifest.xml:24:22-76
13    <uses-permission android:name="android.permission.WAKE_LOCK" />
13-->[com.google.android.gms:play-services-measurement-api:20.1.0] AndroidManifest.xml:24:5-68
13-->[com.google.android.gms:play-services-measurement-api:20.1.0] AndroidManifest.xml:24:22-65
14    <uses-permission android:name="com.google.android.finsky.permission.BIND_GET_INSTALL_REFERRER_SERVICE" /> <!-- Include required permissions for Advertising Id -->
14-->[com.google.android.gms:play-services-measurement:20.1.0] AndroidManifest.xml:26:5-110
14-->[com.google.android.gms:play-services-measurement:20.1.0] AndroidManifest.xml:26:22-107
15    <uses-permission android:name="com.google.android.gms.permission.AD_ID" />
15-->[com.google.android.gms:play-services-ads-identifier:18.0.0] AndroidManifest.xml:23:5-79
15-->[com.google.android.gms:play-services-ads-identifier:18.0.0] AndroidManifest.xml:23:22-76
16
17    <application
17-->src\main\AndroidManifest.xml:7:5-32:19
18        android:allowBackup="true"
18-->src\main\AndroidManifest.xml:8:9-35
19        android:appComponentFactory="androidx.core.app.CoreComponentFactory"
19-->[androidx.core:core:1.7.0] AndroidManifest.xml:24:18-86
20        android:debuggable="true"
21        android:icon="@mipmap/ic_launcher"
21-->src\main\AndroidManifest.xml:9:9-43
22        android:label="@string/app_name"
22-->src\main\AndroidManifest.xml:10:9-41
23        android:roundIcon="@mipmap/ic_launcher_round"
23-->src\main\AndroidManifest.xml:11:9-54
24        android:supportsRtl="true"
24-->src\main\AndroidManifest.xml:12:9-35
25        android:testOnly="true"
26        android:theme="@style/Theme.AD" >
26-->src\main\AndroidManifest.xml:13:9-40
27        <activity
27-->src\main\AndroidManifest.xml:14:9-17:55
28            android:name="com.example.ad.ProfileActivity"
28-->src\main\AndroidManifest.xml:15:13-44
29            android:exported="false"
29-->src\main\AndroidManifest.xml:16:13-37
30            android:theme="@style/SecondaryTheme.AD" />
30-->src\main\AndroidManifest.xml:17:13-53
31        <activity
31-->src\main\AndroidManifest.xml:18:9-21:40
32            android:name="com.example.ad.SignUpActivity"
32-->src\main\AndroidManifest.xml:20:13-43
33            android:exported="false"
33-->src\main\AndroidManifest.xml:21:13-37
34            android:theme="@style/SecondaryTheme.AD" />
34-->src\main\AndroidManifest.xml:19:13-53
35        <activity
35-->src\main\AndroidManifest.xml:22:9-31:20
36            android:name="com.example.ad.LoginActivity"
36-->src\main\AndroidManifest.xml:23:13-42
37            android:exported="true"
37-->src\main\AndroidManifest.xml:24:13-36
38            android:theme="@style/SecondaryTheme.AD" >
38-->src\main\AndroidManifest.xml:25:13-53
39            <intent-filter>
39-->src\main\AndroidManifest.xml:26:13-30:29
40                <action android:name="android.intent.action.MAIN" />
40-->src\main\AndroidManifest.xml:27:17-69
40-->src\main\AndroidManifest.xml:27:25-66
41
42                <category android:name="android.intent.category.LAUNCHER" />
42-->src\main\AndroidManifest.xml:29:17-77
42-->src\main\AndroidManifest.xml:29:27-74
43            </intent-filter>
44        </activity>
45
46        <service
46-->[com.google.firebase:firebase-analytics-ktx:20.1.0] AndroidManifest.xml:8:9-14:19
47            android:name="com.google.firebase.components.ComponentDiscoveryService"
47-->[com.google.firebase:firebase-analytics-ktx:20.1.0] AndroidManifest.xml:9:13-84
48            android:directBootAware="true"
48-->[com.google.firebase:firebase-common:20.0.0] AndroidManifest.xml:35:13-43
49            android:exported="false" >
49-->[com.google.firebase:firebase-analytics-ktx:20.1.0] AndroidManifest.xml:10:13-37
50            <meta-data
50-->[com.google.firebase:firebase-analytics-ktx:20.1.0] AndroidManifest.xml:11:13-13:85
51                android:name="com.google.firebase.components:com.google.firebase.analytics.ktx.FirebaseAnalyticsKtxRegistrar"
51-->[com.google.firebase:firebase-analytics-ktx:20.1.0] AndroidManifest.xml:12:17-126
52                android:value="com.google.firebase.components.ComponentRegistrar" />
52-->[com.google.firebase:firebase-analytics-ktx:20.1.0] AndroidManifest.xml:13:17-82
53            <meta-data
53-->[com.google.firebase:firebase-auth-ktx:21.0.1] AndroidManifest.xml:11:13-13:85
54                android:name="com.google.firebase.components:com.google.firebase.auth.ktx.FirebaseAuthKtxRegistrar"
54-->[com.google.firebase:firebase-auth-ktx:21.0.1] AndroidManifest.xml:12:17-116
55                android:value="com.google.firebase.components.ComponentRegistrar" />
55-->[com.google.firebase:firebase-auth-ktx:21.0.1] AndroidManifest.xml:13:17-82
56            <meta-data
56-->[com.google.firebase:firebase-auth:21.0.1] AndroidManifest.xml:77:13-79:85
57                android:name="com.google.firebase.components:com.google.firebase.auth.FirebaseAuthRegistrar"
57-->[com.google.firebase:firebase-auth:21.0.1] AndroidManifest.xml:78:17-109
58                android:value="com.google.firebase.components.ComponentRegistrar" />
58-->[com.google.firebase:firebase-auth:21.0.1] AndroidManifest.xml:79:17-82
59            <meta-data
59-->[com.google.firebase:firebase-common-ktx:20.0.0] AndroidManifest.xml:15:13-17:85
60                android:name="com.google.firebase.components:com.google.firebase.ktx.FirebaseCommonKtxRegistrar"
60-->[com.google.firebase:firebase-common-ktx:20.0.0] AndroidManifest.xml:16:17-113
61                android:value="com.google.firebase.components.ComponentRegistrar" />
61-->[com.google.firebase:firebase-common-ktx:20.0.0] AndroidManifest.xml:17:17-82
62            <meta-data
62-->[com.google.android.gms:play-services-measurement-api:20.1.0] AndroidManifest.xml:30:13-32:85
63                android:name="com.google.firebase.components:com.google.firebase.analytics.connector.internal.AnalyticsConnectorRegistrar"
63-->[com.google.android.gms:play-services-measurement-api:20.1.0] AndroidManifest.xml:31:17-139
64                android:value="com.google.firebase.components.ComponentRegistrar" />
64-->[com.google.android.gms:play-services-measurement-api:20.1.0] AndroidManifest.xml:32:17-82
65            <meta-data
65-->[com.google.firebase:firebase-installations:17.0.0] AndroidManifest.xml:18:13-20:85
66                android:name="com.google.firebase.components:com.google.firebase.installations.FirebaseInstallationsRegistrar"
66-->[com.google.firebase:firebase-installations:17.0.0] AndroidManifest.xml:19:17-127
67                android:value="com.google.firebase.components.ComponentRegistrar" />
67-->[com.google.firebase:firebase-installations:17.0.0] AndroidManifest.xml:20:17-82
68        </service>
69
70        <activity
70-->[com.google.firebase:firebase-auth:21.0.1] AndroidManifest.xml:27:9-44:20
71            android:name="com.google.firebase.auth.internal.GenericIdpActivity"
71-->[com.google.firebase:firebase-auth:21.0.1] AndroidManifest.xml:28:13-80
72            android:excludeFromRecents="true"
72-->[com.google.firebase:firebase-auth:21.0.1] AndroidManifest.xml:29:13-46
73            android:exported="true"
73-->[com.google.firebase:firebase-auth:21.0.1] AndroidManifest.xml:30:13-36
74            android:launchMode="singleTask"
74-->[com.google.firebase:firebase-auth:21.0.1] AndroidManifest.xml:31:13-44
75            android:theme="@android:style/Theme.Translucent.NoTitleBar" >
75-->[com.google.firebase:firebase-auth:21.0.1] AndroidManifest.xml:32:13-72
76            <intent-filter>
76-->[com.google.firebase:firebase-auth:21.0.1] AndroidManifest.xml:33:13-43:29
77                <action android:name="android.intent.action.VIEW" />
77-->[com.google.firebase:firebase-auth:21.0.1] AndroidManifest.xml:34:17-69
77-->[com.google.firebase:firebase-auth:21.0.1] AndroidManifest.xml:34:25-66
78
79                <category android:name="android.intent.category.DEFAULT" />
79-->[com.google.firebase:firebase-auth:21.0.1] AndroidManifest.xml:36:17-76
79-->[com.google.firebase:firebase-auth:21.0.1] AndroidManifest.xml:36:27-73
80                <category android:name="android.intent.category.BROWSABLE" />
80-->[com.google.firebase:firebase-auth:21.0.1] AndroidManifest.xml:37:17-78
80-->[com.google.firebase:firebase-auth:21.0.1] AndroidManifest.xml:37:27-75
81
82                <data
82-->[com.google.firebase:firebase-auth:21.0.1] AndroidManifest.xml:39:17-42:51
83                    android:host="firebase.auth"
83-->[com.google.firebase:firebase-auth:21.0.1] AndroidManifest.xml:40:21-49
84                    android:path="/"
84-->[com.google.firebase:firebase-auth:21.0.1] AndroidManifest.xml:41:21-37
85                    android:scheme="genericidp" />
85-->[com.google.firebase:firebase-auth:21.0.1] AndroidManifest.xml:42:21-48
86            </intent-filter>
87        </activity>
88        <activity
88-->[com.google.firebase:firebase-auth:21.0.1] AndroidManifest.xml:45:9-62:20
89            android:name="com.google.firebase.auth.internal.RecaptchaActivity"
89-->[com.google.firebase:firebase-auth:21.0.1] AndroidManifest.xml:46:13-79
90            android:excludeFromRecents="true"
90-->[com.google.firebase:firebase-auth:21.0.1] AndroidManifest.xml:47:13-46
91            android:exported="true"
91-->[com.google.firebase:firebase-auth:21.0.1] AndroidManifest.xml:48:13-36
92            android:launchMode="singleTask"
92-->[com.google.firebase:firebase-auth:21.0.1] AndroidManifest.xml:49:13-44
93            android:theme="@android:style/Theme.Translucent.NoTitleBar" >
93-->[com.google.firebase:firebase-auth:21.0.1] AndroidManifest.xml:50:13-72
94            <intent-filter>
94-->[com.google.firebase:firebase-auth:21.0.1] AndroidManifest.xml:51:13-61:29
95                <action android:name="android.intent.action.VIEW" />
95-->[com.google.firebase:firebase-auth:21.0.1] AndroidManifest.xml:34:17-69
95-->[com.google.firebase:firebase-auth:21.0.1] AndroidManifest.xml:34:25-66
96
97                <category android:name="android.intent.category.DEFAULT" />
97-->[com.google.firebase:firebase-auth:21.0.1] AndroidManifest.xml:36:17-76
97-->[com.google.firebase:firebase-auth:21.0.1] AndroidManifest.xml:36:27-73
98                <category android:name="android.intent.category.BROWSABLE" />
98-->[com.google.firebase:firebase-auth:21.0.1] AndroidManifest.xml:37:17-78
98-->[com.google.firebase:firebase-auth:21.0.1] AndroidManifest.xml:37:27-75
99
100                <data
100-->[com.google.firebase:firebase-auth:21.0.1] AndroidManifest.xml:39:17-42:51
101                    android:host="firebase.auth"
101-->[com.google.firebase:firebase-auth:21.0.1] AndroidManifest.xml:40:21-49
102                    android:path="/"
102-->[com.google.firebase:firebase-auth:21.0.1] AndroidManifest.xml:41:21-37
103                    android:scheme="recaptcha" />
103-->[com.google.firebase:firebase-auth:21.0.1] AndroidManifest.xml:42:21-48
104            </intent-filter>
105        </activity>
106
107        <service
107-->[com.google.firebase:firebase-auth:21.0.1] AndroidManifest.xml:64:9-73:19
108            android:name="com.google.firebase.auth.api.fallback.service.FirebaseAuthFallbackService"
108-->[com.google.firebase:firebase-auth:21.0.1] AndroidManifest.xml:65:13-101
109            android:enabled="true"
109-->[com.google.firebase:firebase-auth:21.0.1] AndroidManifest.xml:66:13-35
110            android:exported="false" >
110-->[com.google.firebase:firebase-auth:21.0.1] AndroidManifest.xml:67:13-37
111            <intent-filter>
111-->[com.google.firebase:firebase-auth:21.0.1] AndroidManifest.xml:68:13-72:29
112                <action android:name="com.google.firebase.auth.api.gms.service.START" />
112-->[com.google.firebase:firebase-auth:21.0.1] AndroidManifest.xml:69:17-89
112-->[com.google.firebase:firebase-auth:21.0.1] AndroidManifest.xml:69:25-86
113
114                <category android:name="android.intent.category.DEFAULT" />
114-->[com.google.firebase:firebase-auth:21.0.1] AndroidManifest.xml:36:17-76
114-->[com.google.firebase:firebase-auth:21.0.1] AndroidManifest.xml:36:27-73
115            </intent-filter>
116        </service>
117
118        <activity
118-->[com.google.android.gms:play-services-base:17.1.0] AndroidManifest.xml:23:9-26:75
119            android:name="com.google.android.gms.common.api.GoogleApiActivity"
119-->[com.google.android.gms:play-services-base:17.1.0] AndroidManifest.xml:24:13-79
120            android:exported="false"
120-->[com.google.android.gms:play-services-base:17.1.0] AndroidManifest.xml:25:13-37
121            android:theme="@android:style/Theme.Translucent.NoTitleBar" />
121-->[com.google.android.gms:play-services-base:17.1.0] AndroidManifest.xml:26:13-72
122
123        <provider
123-->[com.google.firebase:firebase-common:20.0.0] AndroidManifest.xml:26:9-31:39
124            android:name="com.google.firebase.provider.FirebaseInitProvider"
124-->[com.google.firebase:firebase-common:20.0.0] AndroidManifest.xml:27:13-77
125            android:authorities="com.example.ad.firebaseinitprovider"
125-->[com.google.firebase:firebase-common:20.0.0] AndroidManifest.xml:28:13-72
126            android:directBootAware="true"
126-->[com.google.firebase:firebase-common:20.0.0] AndroidManifest.xml:29:13-43
127            android:exported="false"
127-->[com.google.firebase:firebase-common:20.0.0] AndroidManifest.xml:30:13-37
128            android:initOrder="100" />
128-->[com.google.firebase:firebase-common:20.0.0] AndroidManifest.xml:31:13-36
129
130        <receiver
130-->[com.google.android.gms:play-services-measurement:20.1.0] AndroidManifest.xml:29:9-33:20
131            android:name="com.google.android.gms.measurement.AppMeasurementReceiver"
131-->[com.google.android.gms:play-services-measurement:20.1.0] AndroidManifest.xml:30:13-85
132            android:enabled="true"
132-->[com.google.android.gms:play-services-measurement:20.1.0] AndroidManifest.xml:31:13-35
133            android:exported="false" >
133-->[com.google.android.gms:play-services-measurement:20.1.0] AndroidManifest.xml:32:13-37
134        </receiver>
135
136        <service
136-->[com.google.android.gms:play-services-measurement:20.1.0] AndroidManifest.xml:35:9-38:40
137            android:name="com.google.android.gms.measurement.AppMeasurementService"
137-->[com.google.android.gms:play-services-measurement:20.1.0] AndroidManifest.xml:36:13-84
138            android:enabled="true"
138-->[com.google.android.gms:play-services-measurement:20.1.0] AndroidManifest.xml:37:13-35
139            android:exported="false" />
139-->[com.google.android.gms:play-services-measurement:20.1.0] AndroidManifest.xml:38:13-37
140        <service
140-->[com.google.android.gms:play-services-measurement:20.1.0] AndroidManifest.xml:39:9-43:72
141            android:name="com.google.android.gms.measurement.AppMeasurementJobService"
141-->[com.google.android.gms:play-services-measurement:20.1.0] AndroidManifest.xml:40:13-87
142            android:enabled="true"
142-->[com.google.android.gms:play-services-measurement:20.1.0] AndroidManifest.xml:41:13-35
143            android:exported="false"
143-->[com.google.android.gms:play-services-measurement:20.1.0] AndroidManifest.xml:42:13-37
144            android:permission="android.permission.BIND_JOB_SERVICE" />
144-->[com.google.android.gms:play-services-measurement:20.1.0] AndroidManifest.xml:43:13-69
145
146        <meta-data
146-->[com.google.android.gms:play-services-basement:18.0.0] AndroidManifest.xml:21:9-23:69
147            android:name="com.google.android.gms.version"
147-->[com.google.android.gms:play-services-basement:18.0.0] AndroidManifest.xml:22:13-58
148            android:value="@integer/google_play_services_version" />
148-->[com.google.android.gms:play-services-basement:18.0.0] AndroidManifest.xml:23:13-66
149    </application>
150
151</manifest>